<?xml version="1.0" encoding="UTF-8"?>
<!-- Generated by org.testng.reporters.JUnitReportReporter -->
<testsuite hostname="Arati-PC" name="testngcase.EngineLogBookTest" tests="16" failures="0" timestamp="7 Jun 2017 04:57:11 GMT" time="151.895" errors="0">
  <testcase name="Fleet_B_Vessel1" time="7.284" classname="testngcase.EngineLogBookTest"/>
  <testcase name="Fleet_A_Vessel2" time="6.277" classname="testngcase.EngineLogBookTest"/>
  <testcase name="Fleet_A_Vessel9" time="7.264" classname="testngcase.EngineLogBookTest"/>
  <testcase name="FleetOffice_Vessel2" time="6.279" classname="testngcase.EngineLogBookTest"/>
  <testcase name="Fleet_B_Vessel2" time="31.081" classname="testngcase.EngineLogBookTest"/>
  <testcase name="EngineLogBook" time="25.165" classname="testngcase.EngineLogBookTest"/>
  <testcase name="Fleet_A_Vessel6" time="7.238" classname="testngcase.EngineLogBookTest"/>
  <testcase name="Fleet_A_Vessel1" time="6.278" classname="testngcase.EngineLogBookTest"/>
  <testcase name="Fleet_A_Vessel3" time="6.306" classname="testngcase.EngineLogBookTest"/>
  <testcase name="Fleet_A_Vessel10" time="7.283" classname="testngcase.EngineLogBookTest"/>
  <testcase name="FleetOffice_Vessel3" time="7.129" classname="testngcase.EngineLogBookTest"/>
  <testcase name="FleetOffice_Vessel1" time="6.302" classname="testngcase.EngineLogBookTest"/>
  <testcase name="Fleet_A_Vessel8" time="7.236" classname="testngcase.EngineLogBookTest"/>
  <testcase name="Fleet_A_Vessel5" time="7.239" classname="testngcase.EngineLogBookTest"/>
  <testcase name="Fleet_A_Vessel4" time="6.300" classname="testngcase.EngineLogBookTest"/>
  <testcase name="Fleet_A_Vessel7" time="7.234" classname="testngcase.EngineLogBookTest"/>
</testsuite> <!-- testngcase.EngineLogBookTest -->
